C:\Users\user\Documents\GitHub\CorporateQNA\CorporateQNA\ClientApp\dist\out-tsc\e2e\src\app.po.js
C:\Users\user\Documents\GitHub\CorporateQNA\CorporateQNA\ClientApp\dist\out-tsc\e2e\src\app.po.js.map
C:\Users\user\Documents\GitHub\CorporateQNA\CorporateQNA\ClientApp\dist\out-tsc\e2e\src\app.e2e-spec.js
C:\Users\user\Documents\GitHub\CorporateQNA\CorporateQNA\ClientApp\dist\out-tsc\e2e\src\app.e2e-spec.js.map
C:\Users\user\Documents\GitHub\CorporateQNA\CorporateQNA\ClientApp\dist\out-tsc\src\app\Models\QuestionActivityView.js
C:\Users\user\Documents\GitHub\CorporateQNA\CorporateQNA\ClientApp\dist\out-tsc\src\app\Models\QuestionActivityView.js.map
C:\Users\user\Documents\GitHub\CorporateQNA\CorporateQNA\ClientApp\dist\out-tsc\src\app\Models\AnswerModel.js
C:\Users\user\Documents\GitHub\CorporateQNA\CorporateQNA\ClientApp\dist\out-tsc\src\app\Models\AnswerModel.js.map
C:\Users\user\Documents\GitHub\CorporateQNA\CorporateQNA\ClientApp\dist\out-tsc\src\app\Services\date-time.service.js
C:\Users\user\Documents\GitHub\CorporateQNA\CorporateQNA\ClientApp\dist\out-tsc\src\app\Services\date-time.service.js.map
C:\Users\user\Documents\GitHub\CorporateQNA\CorporateQNA\ClientApp\dist\out-tsc\src\app\Models\QuestionViewModel.js
C:\Users\user\Documents\GitHub\CorporateQNA\CorporateQNA\ClientApp\dist\out-tsc\src\app\Models\QuestionViewModel.js.map
C:\Users\user\Documents\GitHub\CorporateQNA\CorporateQNA\ClientApp\dist\out-tsc\src\app\Models\CategoryViewModel.js
C:\Users\user\Documents\GitHub\CorporateQNA\CorporateQNA\ClientApp\dist\out-tsc\src\app\Models\CategoryViewModel.js.map
C:\Users\user\Documents\GitHub\CorporateQNA\CorporateQNA\ClientApp\dist\out-tsc\src\app\Models\CategoryAddViewModel.js
C:\Users\user\Documents\GitHub\CorporateQNA\CorporateQNA\ClientApp\dist\out-tsc\src\app\Models\CategoryAddViewModel.js.map
C:\Users\user\Documents\GitHub\CorporateQNA\CorporateQNA\ClientApp\dist\out-tsc\src\app\Models\UsersDataViewModel.js
C:\Users\user\Documents\GitHub\CorporateQNA\CorporateQNA\ClientApp\dist\out-tsc\src\app\Models\UsersDataViewModel.js.map
C:\Users\user\Documents\GitHub\CorporateQNA\CorporateQNA\ClientApp\dist\out-tsc\src\app\Models\QuestionAddViewModel.js
C:\Users\user\Documents\GitHub\CorporateQNA\CorporateQNA\ClientApp\dist\out-tsc\src\app\Models\QuestionAddViewModel.js.map
C:\Users\user\Documents\GitHub\CorporateQNA\CorporateQNA\ClientApp\dist\out-tsc\src\app\Services\user-api-service.service.js
C:\Users\user\Documents\GitHub\CorporateQNA\CorporateQNA\ClientApp\dist\out-tsc\src\app\Services\user-api-service.service.js.map
C:\Users\user\Documents\GitHub\CorporateQNA\CorporateQNA\ClientApp\dist\out-tsc\src\app\Services\home-service.service.js
C:\Users\user\Documents\GitHub\CorporateQNA\CorporateQNA\ClientApp\dist\out-tsc\src\app\Services\home-service.service.js.map
C:\Users\user\Documents\GitHub\CorporateQNA\CorporateQNA\ClientApp\dist\out-tsc\src\app\shared\font-awesome-icons.js
C:\Users\user\Documents\GitHub\CorporateQNA\CorporateQNA\ClientApp\dist\out-tsc\src\app\shared\font-awesome-icons.js.map
C:\Users\user\Documents\GitHub\CorporateQNA\CorporateQNA\ClientApp\dist\out-tsc\src\app\qna\qna-list\qna-list.component.js
C:\Users\user\Documents\GitHub\CorporateQNA\CorporateQNA\ClientApp\dist\out-tsc\src\app\qna\qna-list\qna-list.component.js.map
C:\Users\user\Documents\GitHub\CorporateQNA\CorporateQNA\ClientApp\dist\out-tsc\src\app\Services\user-activity.service.js
C:\Users\user\Documents\GitHub\CorporateQNA\CorporateQNA\ClientApp\dist\out-tsc\src\app\Services\user-activity.service.js.map
C:\Users\user\Documents\GitHub\CorporateQNA\CorporateQNA\ClientApp\dist\out-tsc\src\app\qna\qna-list\qna-card\qna-card.component.js
C:\Users\user\Documents\GitHub\CorporateQNA\CorporateQNA\ClientApp\dist\out-tsc\src\app\qna\qna-list\qna-card\qna-card.component.js.map
C:\Users\user\Documents\GitHub\CorporateQNA\CorporateQNA\ClientApp\dist\out-tsc\src\app\qna\qna-routing.module.js
C:\Users\user\Documents\GitHub\CorporateQNA\CorporateQNA\ClientApp\dist\out-tsc\src\app\qna\qna-routing.module.js.map
C:\Users\user\Documents\GitHub\CorporateQNA\CorporateQNA\ClientApp\dist\out-tsc\src\app\qna\qna-list\qna-answers\qna-answers.component.js
C:\Users\user\Documents\GitHub\CorporateQNA\CorporateQNA\ClientApp\dist\out-tsc\src\app\qna\qna-list\qna-answers\qna-answers.component.js.map
C:\Users\user\Documents\GitHub\CorporateQNA\CorporateQNA\ClientApp\dist\out-tsc\src\app\qna\filters\filters.component.js
C:\Users\user\Documents\GitHub\CorporateQNA\CorporateQNA\ClientApp\dist\out-tsc\src\app\qna\filters\filters.component.js.map
C:\Users\user\Documents\GitHub\CorporateQNA\CorporateQNA\ClientApp\dist\out-tsc\src\app\qna\qna.module.js
C:\Users\user\Documents\GitHub\CorporateQNA\CorporateQNA\ClientApp\dist\out-tsc\src\app\qna\qna.module.js.map
C:\Users\user\Documents\GitHub\CorporateQNA\CorporateQNA\ClientApp\dist\out-tsc\src\app\categories\category-list\category-list.component.js
C:\Users\user\Documents\GitHub\CorporateQNA\CorporateQNA\ClientApp\dist\out-tsc\src\app\categories\category-list\category-list.component.js.map
C:\Users\user\Documents\GitHub\CorporateQNA\CorporateQNA\ClientApp\dist\out-tsc\src\app\categories\categories-routing.module.js
C:\Users\user\Documents\GitHub\CorporateQNA\CorporateQNA\ClientApp\dist\out-tsc\src\app\categories\categories-routing.module.js.map
C:\Users\user\Documents\GitHub\CorporateQNA\CorporateQNA\ClientApp\dist\out-tsc\src\app\categories\category-card\category-card.component.js
C:\Users\user\Documents\GitHub\CorporateQNA\CorporateQNA\ClientApp\dist\out-tsc\src\app\categories\category-card\category-card.component.js.map
C:\Users\user\Documents\GitHub\CorporateQNA\CorporateQNA\ClientApp\dist\out-tsc\src\app\categories\category-navigation\category-navigation.component.js
C:\Users\user\Documents\GitHub\CorporateQNA\CorporateQNA\ClientApp\dist\out-tsc\src\app\categories\category-navigation\category-navigation.component.js.map
C:\Users\user\Documents\GitHub\CorporateQNA\CorporateQNA\ClientApp\dist\out-tsc\src\app\categories\categories.module.js
C:\Users\user\Documents\GitHub\CorporateQNA\CorporateQNA\ClientApp\dist\out-tsc\src\app\categories\categories.module.js.map
C:\Users\user\Documents\GitHub\CorporateQNA\CorporateQNA\ClientApp\dist\out-tsc\src\app\users\user-info\user-info.component.js
C:\Users\user\Documents\GitHub\CorporateQNA\CorporateQNA\ClientApp\dist\out-tsc\src\app\users\user-info\user-info.component.js.map
C:\Users\user\Documents\GitHub\CorporateQNA\CorporateQNA\ClientApp\dist\out-tsc\src\app\users\user-list\user-list.component.js
C:\Users\user\Documents\GitHub\CorporateQNA\CorporateQNA\ClientApp\dist\out-tsc\src\app\users\user-list\user-list.component.js.map
C:\Users\user\Documents\GitHub\CorporateQNA\CorporateQNA\ClientApp\dist\out-tsc\src\app\users\users-routing.module.js
C:\Users\user\Documents\GitHub\CorporateQNA\CorporateQNA\ClientApp\dist\out-tsc\src\app\users\users-routing.module.js.map
C:\Users\user\Documents\GitHub\CorporateQNA\CorporateQNA\ClientApp\dist\out-tsc\src\app\users\user-card\user-card.component.js
C:\Users\user\Documents\GitHub\CorporateQNA\CorporateQNA\ClientApp\dist\out-tsc\src\app\users\user-card\user-card.component.js.map
C:\Users\user\Documents\GitHub\CorporateQNA\CorporateQNA\ClientApp\dist\out-tsc\src\app\users\users.module.js
C:\Users\user\Documents\GitHub\CorporateQNA\CorporateQNA\ClientApp\dist\out-tsc\src\app\users\users.module.js.map
C:\Users\user\Documents\GitHub\CorporateQNA\CorporateQNA\ClientApp\dist\out-tsc\src\app\app-routing.module.js
C:\Users\user\Documents\GitHub\CorporateQNA\CorporateQNA\ClientApp\dist\out-tsc\src\app\app-routing.module.js.map
C:\Users\user\Documents\GitHub\CorporateQNA\CorporateQNA\ClientApp\dist\out-tsc\src\app\app.component.js
C:\Users\user\Documents\GitHub\CorporateQNA\CorporateQNA\ClientApp\dist\out-tsc\src\app\app.component.js.map
C:\Users\user\Documents\GitHub\CorporateQNA\CorporateQNA\ClientApp\dist\out-tsc\src\app\shared\side-bar\side-bar.component.js
C:\Users\user\Documents\GitHub\CorporateQNA\CorporateQNA\ClientApp\dist\out-tsc\src\app\shared\side-bar\side-bar.component.js.map
C:\Users\user\Documents\GitHub\CorporateQNA\CorporateQNA\ClientApp\dist\out-tsc\src\app\shared\top-bar\top-bar.component.js
C:\Users\user\Documents\GitHub\CorporateQNA\CorporateQNA\ClientApp\dist\out-tsc\src\app\shared\top-bar\top-bar.component.js.map
C:\Users\user\Documents\GitHub\CorporateQNA\CorporateQNA\ClientApp\dist\out-tsc\src\app\shared\navigation\navigation.component.js
C:\Users\user\Documents\GitHub\CorporateQNA\CorporateQNA\ClientApp\dist\out-tsc\src\app\shared\navigation\navigation.component.js.map
C:\Users\user\Documents\GitHub\CorporateQNA\CorporateQNA\ClientApp\dist\out-tsc\src\app\app.module.js
C:\Users\user\Documents\GitHub\CorporateQNA\CorporateQNA\ClientApp\dist\out-tsc\src\app\app.module.js.map
C:\Users\user\Documents\GitHub\CorporateQNA\CorporateQNA\ClientApp\dist\out-tsc\src\environments\environment.js
C:\Users\user\Documents\GitHub\CorporateQNA\CorporateQNA\ClientApp\dist\out-tsc\src\environments\environment.js.map
C:\Users\user\Documents\GitHub\CorporateQNA\CorporateQNA\ClientApp\dist\out-tsc\src\main.js
C:\Users\user\Documents\GitHub\CorporateQNA\CorporateQNA\ClientApp\dist\out-tsc\src\main.js.map
C:\Users\user\Documents\GitHub\CorporateQNA\CorporateQNA\ClientApp\dist\out-tsc\src\polyfills.js
C:\Users\user\Documents\GitHub\CorporateQNA\CorporateQNA\ClientApp\dist\out-tsc\src\polyfills.js.map
C:\Users\user\Documents\GitHub\CorporateQNA\CorporateQNA\ClientApp\dist\out-tsc\src\test.js
C:\Users\user\Documents\GitHub\CorporateQNA\CorporateQNA\ClientApp\dist\out-tsc\src\test.js.map
C:\Users\user\Documents\GitHub\CorporateQNA\CorporateQNA\ClientApp\dist\out-tsc\src\environments\environment.prod.js
C:\Users\user\Documents\GitHub\CorporateQNA\CorporateQNA\ClientApp\dist\out-tsc\src\environments\environment.prod.js.map
